<persistence version="1.0"
       xmlns="http://java.sun.com/xml/ns/persistence"
       xmlns:xsi="http://www.w3.org/2001/XMLSchema-instance"
       xsi:schemaLocation="http://java.sun.com/xml/ns/persistence
       http://java.sun.com/xml/ns/persistence/persistence_1_0.xsd">

  <persistence-unit name="movie-unit">
    <provider>org.hibernate.ejb.HibernatePersistence</provider> <!--1-->
    <jta-data-source>movieDatabase</jta-data-source>
    <class>com.scytl.hibernate.Movie</class>
    <class>com.scytl.hibernate.MovieDetail</class>
    <class>com.scytl.hibernate.Comment</class>

    <properties>
      <property name="hibernate.hbm2ddl.auto" value="create-drop"/> <!--2-->
      <property name="hibernate.show_sql" value="true"/>
    </properties>
  </persistence-unit>
</persistence>